2023-10-16T10:05:15.883+05:30  INFO 21960 --- [restartedMain] c.m.demo.feedback.FeedbackApplication    : Starting FeedbackApplication using Java 17.0.6 with PID 21960 (C:\Users\KAAVIYA\OneDrive\Desktop\feedback\feedback\target\classes started by KAAVIYA in C:\Users\KAAVIYA\OneDrive\Desktop\feedback\feedback)
2023-10-16T10:05:15.889+05:30  INFO 21960 --- [restartedMain] c.m.demo.feedback.FeedbackApplication    : No active profile set, falling back to 1 default profile: "default"
2023-10-16T10:05:15.972+05:30  INFO 21960 --- [restartedMain] .e.DevToolsPropertyDefaultsPostProcessor : Devtools property defaults active! Set 'spring.devtools.add-properties' to 'false' to disable
2023-10-16T10:05:15.973+05:30  INFO 21960 --- [restartedMain] .e.DevToolsPropertyDefaultsPostProcessor : For additional web related logging consider setting the 'logging.level.web' property to 'DEBUG'
2023-10-16T10:05:16.998+05:30  INFO 21960 --- [restartedMain] .s.d.r.c.RepositoryConfigurationDelegate : Bootstrapping Spring Data JPA repositories in DEFAULT mode.
2023-10-16T10:05:17.176+05:30  INFO 21960 --- [restartedMain] .s.d.r.c.RepositoryConfigurationDelegate : Finished Spring Data repository scanning in 166 ms. Found 1 JPA repository interfaces.
2023-10-16T10:05:17.771+05:30  INFO 21960 --- [restartedMain] o.s.cloud.context.scope.GenericScope     : BeanFactory id=675d61a8-574f-30f6-a420-a0dece9761e0
2023-10-16T10:05:20.021+05:30  INFO 21960 --- [restartedMain] o.s.b.w.embedded.tomcat.TomcatWebServer  : Tomcat initialized with port(s): 8081 (http)
2023-10-16T10:05:20.074+05:30  INFO 21960 --- [restartedMain] o.apache.catalina.core.StandardService   : Starting service [Tomcat]
2023-10-16T10:05:20.078+05:30  INFO 21960 --- [restartedMain] o.apache.catalina.core.StandardEngine    : Starting Servlet engine: [Apache Tomcat/10.1.13]
2023-10-16T10:05:20.545+05:30  INFO 21960 --- [restartedMain] o.a.c.c.C.[Tomcat].[localhost].[/]       : Initializing Spring embedded WebApplicationContext
2023-10-16T10:05:20.552+05:30  INFO 21960 --- [restartedMain] w.s.c.ServletWebServerApplicationContext : Root WebApplicationContext: initialization completed in 4578 ms
2023-10-16T10:05:21.520+05:30  INFO 21960 --- [restartedMain] o.hibernate.jpa.internal.util.LogHelper  : HHH000204: Processing PersistenceUnitInfo [name: default]
2023-10-16T10:05:21.736+05:30  INFO 21960 --- [restartedMain] org.hibernate.Version                    : HHH000412: Hibernate ORM core version 6.2.9.Final
2023-10-16T10:05:21.743+05:30  INFO 21960 --- [restartedMain] org.hibernate.cfg.Environment            : HHH000406: Using bytecode reflection optimizer
2023-10-16T10:05:22.363+05:30  INFO 21960 --- [restartedMain] o.h.b.i.BytecodeProviderInitiator        : HHH000021: Bytecode provider name : bytebuddy
2023-10-16T10:05:22.989+05:30  INFO 21960 --- [restartedMain] o.s.o.j.p.SpringPersistenceUnitInfo      : No LoadTimeWeaver setup: ignoring JPA class transformer
2023-10-16T10:05:23.059+05:30  INFO 21960 --- [restartedMain] com.zaxxer.hikari.HikariDataSource       : HikariPool-1 - Starting...
2023-10-16T10:05:24.541+05:30  INFO 21960 --- [restartedMain] com.zaxxer.hikari.pool.HikariPool        : HikariPool-1 - Added connection com.mysql.cj.jdbc.ConnectionImpl@29d619d2
2023-10-16T10:05:24.551+05:30  INFO 21960 --- [restartedMain] com.zaxxer.hikari.HikariDataSource       : HikariPool-1 - Start completed.
2023-10-16T10:05:25.806+05:30  INFO 21960 --- [restartedMain] o.h.b.i.BytecodeProviderInitiator        : HHH000021: Bytecode provider name : bytebuddy
2023-10-16T10:05:28.375+05:30  INFO 21960 --- [restartedMain] o.h.e.t.j.p.i.JtaPlatformInitiator       : HHH000490: Using JtaPlatform implementation: [org.hibernate.engine.transaction.jta.platform.internal.NoJtaPlatform]
2023-10-16T10:05:28.649+05:30  INFO 21960 --- [restartedMain] j.LocalContainerEntityManagerFactoryBean : Initialized JPA EntityManagerFactory for persistence unit 'default'
2023-10-16T10:05:30.291+05:30  WARN 21960 --- [restartedMain] JpaBaseConfiguration$JpaWebConfiguration : spring.jpa.open-in-view is enabled by default. Therefore, database queries may be performed during view rendering. Explicitly configure spring.jpa.open-in-view to disable this warning
2023-10-16T10:05:33.055+05:30  WARN 21960 --- [restartedMain] o.s.b.d.a.OptionalLiveReloadServer       : Unable to start LiveReload server
2023-10-16T10:05:33.420+05:30  INFO 21960 --- [restartedMain] DiscoveryClientOptionalArgsConfiguration : Eureka HTTP Client uses RestTemplate.
2023-10-16T10:05:33.587+05:30  WARN 21960 --- [restartedMain] iguration$LoadBalancerCaffeineWarnLogger : Spring Cloud LoadBalancer is currently working with the default cache. While this cache implementation is useful for development and tests, it's recommended to use Caffeine cache in production.You can switch to using Caffeine cache, by adding it and org.springframework.cache.caffeine.CaffeineCacheManager to the classpath.
2023-10-16T10:05:33.608+05:30  INFO 21960 --- [restartedMain] o.s.b.a.e.web.EndpointLinksResolver      : Exposing 1 endpoint(s) beneath base path '/actuator'
2023-10-16T10:05:33.924+05:30  INFO 21960 --- [restartedMain] o.s.c.n.eureka.InstanceInfoFactory       : Setting initial instance status as: STARTING
2023-10-16T10:05:34.067+05:30  INFO 21960 --- [restartedMain] com.netflix.discovery.DiscoveryClient    : Initializing Eureka in region us-east-1
2023-10-16T10:05:34.085+05:30  INFO 21960 --- [restartedMain] c.n.d.s.r.aws.ConfigClusterResolver      : Resolving eureka endpoints via configuration
2023-10-16T10:05:34.242+05:30  INFO 21960 --- [restartedMain] com.netflix.discovery.DiscoveryClient    : Disable delta property : false
2023-10-16T10:05:34.258+05:30  INFO 21960 --- [restartedMain] com.netflix.discovery.DiscoveryClient    : Single vip registry refresh property : null
2023-10-16T10:05:34.259+05:30  INFO 21960 --- [restartedMain] com.netflix.discovery.DiscoveryClient    : Force full registry fetch : false
2023-10-16T10:05:34.259+05:30  INFO 21960 --- [restartedMain] com.netflix.discovery.DiscoveryClient    : Application is null : false
2023-10-16T10:05:34.260+05:30  INFO 21960 --- [restartedMain] com.netflix.discovery.DiscoveryClient    : Registered Applications size is zero : true
2023-10-16T10:05:34.261+05:30  INFO 21960 --- [restartedMain] com.netflix.discovery.DiscoveryClient    : Application version is -1: true
2023-10-16T10:05:34.274+05:30  INFO 21960 --- [restartedMain] com.netflix.discovery.DiscoveryClient    : Getting all instance registry info from the eureka server
2023-10-16T10:05:35.617+05:30  INFO 21960 --- [restartedMain] com.netflix.discovery.DiscoveryClient    : The response status is 200
2023-10-16T10:05:35.625+05:30  INFO 21960 --- [restartedMain] com.netflix.discovery.DiscoveryClient    : Starting heartbeat executor: renew interval is: 30
2023-10-16T10:05:35.633+05:30  INFO 21960 --- [restartedMain] c.n.discovery.InstanceInfoReplicator     : InstanceInfoReplicator onDemand update allowed rate per min is 4
2023-10-16T10:05:35.647+05:30  INFO 21960 --- [restartedMain] com.netflix.discovery.DiscoveryClient    : Discovery Client initialized at timestamp 1697430935644 with initial instances count: 1
2023-10-16T10:05:35.658+05:30  INFO 21960 --- [restartedMain] o.s.c.n.e.s.EurekaServiceRegistry        : Registering application FEEDBACK with eureka with status UP
2023-10-16T10:05:35.661+05:30  INFO 21960 --- [restartedMain] com.netflix.discovery.DiscoveryClient    : Saw local status change event StatusChangeEvent [timestamp=1697430935661, current=UP, previous=STARTING]
2023-10-16T10:05:35.668+05:30  INFO 21960 --- [DiscoveryClient-InstanceInfoReplicator-0] com.netflix.discovery.DiscoveryClient    : DiscoveryClient_FEEDBACK/LAPTOP-KAAVIYA:feedback:8081: registering service...
2023-10-16T10:05:35.780+05:30  INFO 21960 --- [restartedMain] o.s.b.w.embedded.tomcat.TomcatWebServer  : Tomcat started on port(s): 8081 (http) with context path ''
2023-10-16T10:05:35.784+05:30  INFO 21960 --- [restartedMain] .s.c.n.e.s.EurekaAutoServiceRegistration : Updating port to 8081
2023-10-16T10:05:35.857+05:30  INFO 21960 --- [DiscoveryClient-InstanceInfoReplicator-0] com.netflix.discovery.DiscoveryClient    : DiscoveryClient_FEEDBACK/LAPTOP-KAAVIYA:feedback:8081 - registration status: 204
2023-10-16T10:05:36.206+05:30  INFO 21960 --- [restartedMain] c.m.demo.feedback.FeedbackApplication    : Started FeedbackApplication in 20.764 seconds (process running for 21.499)
2023-10-16T10:05:37.480+05:30  INFO 21960 --- [RMI TCP Connection(7)-127.0.0.1] o.a.c.c.C.[Tomcat].[localhost].[/]       : Initializing Spring DispatcherServlet 'dispatcherServlet'
2023-10-16T10:05:37.481+05:30  INFO 21960 --- [RMI TCP Connection(7)-127.0.0.1] o.s.web.servlet.DispatcherServlet        : Initializing Servlet 'dispatcherServlet'
2023-10-16T10:05:37.491+05:30  INFO 21960 --- [RMI TCP Connection(7)-127.0.0.1] o.s.web.servlet.DispatcherServlet        : Completed initialization in 9 ms
2023-10-16T10:10:34.295+05:30  INFO 21960 --- [AsyncResolver-bootstrap-executor-0] c.n.d.s.r.aws.ConfigClusterResolver      : Resolving eureka endpoints via configuration
2023-10-16T10:15:34.304+05:30  INFO 21960 --- [AsyncResolver-bootstrap-executor-0] c.n.d.s.r.aws.ConfigClusterResolver      : Resolving eureka endpoints via configuration
2023-10-16T10:20:34.308+05:30  INFO 21960 --- [AsyncResolver-bootstrap-executor-0] c.n.d.s.r.aws.ConfigClusterResolver      : Resolving eureka endpoints via configuration
2023-10-16T10:25:34.314+05:30  INFO 21960 --- [AsyncResolver-bootstrap-executor-0] c.n.d.s.r.aws.ConfigClusterResolver      : Resolving eureka endpoints via configuration
2023-10-16T10:30:34.321+05:30  INFO 21960 --- [AsyncResolver-bootstrap-executor-0] c.n.d.s.r.aws.ConfigClusterResolver      : Resolving eureka endpoints via configuration
2023-10-16T10:35:34.337+05:30  INFO 21960 --- [AsyncResolver-bootstrap-executor-0] c.n.d.s.r.aws.ConfigClusterResolver      : Resolving eureka endpoints via configuration
2023-10-16T10:40:34.353+05:30  INFO 21960 --- [AsyncResolver-bootstrap-executor-0] c.n.d.s.r.aws.ConfigClusterResolver      : Resolving eureka endpoints via configuration
2023-10-16T10:45:34.374+05:30  INFO 21960 --- [AsyncResolver-bootstrap-executor-0] c.n.d.s.r.aws.ConfigClusterResolver      : Resolving eureka endpoints via configuration
2023-10-16T10:50:34.386+05:30  INFO 21960 --- [AsyncResolver-bootstrap-executor-0] c.n.d.s.r.aws.ConfigClusterResolver      : Resolving eureka endpoints via configuration
2023-10-16T10:55:34.389+05:30  INFO 21960 --- [AsyncResolver-bootstrap-executor-0] c.n.d.s.r.aws.ConfigClusterResolver      : Resolving eureka endpoints via configuration
2023-10-16T11:00:34.399+05:30  INFO 21960 --- [AsyncResolver-bootstrap-executor-0] c.n.d.s.r.aws.ConfigClusterResolver      : Resolving eureka endpoints via configuration
2023-10-16T11:05:34.417+05:30  INFO 21960 --- [AsyncResolver-bootstrap-executor-0] c.n.d.s.r.aws.ConfigClusterResolver      : Resolving eureka endpoints via configuration
2023-10-16T11:10:34.422+05:30  INFO 21960 --- [AsyncResolver-bootstrap-executor-0] c.n.d.s.r.aws.ConfigClusterResolver      : Resolving eureka endpoints via configuration
2023-10-16T11:15:34.424+05:30  INFO 21960 --- [AsyncResolver-bootstrap-executor-0] c.n.d.s.r.aws.ConfigClusterResolver      : Resolving eureka endpoints via configuration
2023-10-16T11:20:34.437+05:30  INFO 21960 --- [AsyncResolver-bootstrap-executor-0] c.n.d.s.r.aws.ConfigClusterResolver      : Resolving eureka endpoints via configuration
2023-10-16T11:26:33.999+05:30  WARN 21960 --- [HikariPool-1 housekeeper] com.zaxxer.hikari.pool.HikariPool        : HikariPool-1 - Thread starvation or clock leap detected (housekeeper delta=4m6s997ms748µs100ns).
2023-10-16T11:29:11.447+05:30  INFO 21960 --- [AsyncResolver-bootstrap-executor-0] c.n.d.s.r.aws.ConfigClusterResolver      : Resolving eureka endpoints via configuration
2023-10-16T11:34:11.452+05:30  INFO 21960 --- [AsyncResolver-bootstrap-executor-0] c.n.d.s.r.aws.ConfigClusterResolver      : Resolving eureka endpoints via configuration
2023-10-16T11:39:11.464+05:30  INFO 21960 --- [AsyncResolver-bootstrap-executor-0] c.n.d.s.r.aws.ConfigClusterResolver      : Resolving eureka endpoints via configuration
2023-10-16T11:44:11.470+05:30  INFO 21960 --- [AsyncResolver-bootstrap-executor-0] c.n.d.s.r.aws.ConfigClusterResolver      : Resolving eureka endpoints via configuration
2023-10-16T11:49:11.476+05:30  INFO 21960 --- [AsyncResolver-bootstrap-executor-0] c.n.d.s.r.aws.ConfigClusterResolver      : Resolving eureka endpoints via configuration
